<?xml version="1.0" encoding="UTF-8"?>
<testsuite name="elenapltnkv.PutReqTest" tests="1" skipped="0" failures="0" errors="0" timestamp="2023-12-26T16:48:24" hostname="user" time="0.291">
  <properties/>
  <testcase name="parseJSONFile()" classname="elenapltnkv.PutReqTest" time="0.291"/>
  <system-out><![CDATA[]]></system-out>
  <system-err><![CDATA[]]></system-err>
</testsuite>
