<?xml version="1.0" encoding="UTF-8"?>
<testsuite name="elenapltnkv.SelenideFileTest" tests="1" skipped="0" failures="0" errors="0" timestamp="2023-12-22T05:50:06" hostname="user" time="6.018">
  <properties/>
  <testcase name="downLoadFileTest()" classname="elenapltnkv.SelenideFileTest" time="6.018"/>
  <system-out><![CDATA[]]></system-out>
  <system-err><![CDATA[SLF4J: No SLF4J providers were found.
SLF4J: Defaulting to no-operation (NOP) logger implementation
SLF4J: See https://www.slf4j.org/codes.html#noProviders for further details.
дек. 22, 2023 8:50:08 AM org.openqa.selenium.devtools.CdpVersionFinder findNearestMatch
WARNING: Unable to find an exact match for CDP version 120, returning the closest version; found: 119; Please update to a Selenium version that supports CDP version 120
]]></system-err>
</testsuite>
