<?xml version="1.0" encoding="UTF-8"?>
<testsuite name="elenapltnkv.DzTest" tests="1" skipped="0" failures="0" errors="0" timestamp="2023-12-25T13:17:05" hostname="user" time="0.758">
  <properties/>
  <testcase name="openReadPDFfile()" classname="elenapltnkv.DzTest" time="0.758"/>
  <system-out><![CDATA[]]></system-out>
  <system-err><![CDATA[]]></system-err>
</testsuite>
