<?xml version="1.0" encoding="UTF-8"?>
<testsuite name="elenapltnkv.DzTest" tests="1" skipped="0" failures="0" errors="0" timestamp="2023-12-26T04:44:52" hostname="user" time="0.552">
  <properties/>
  <testcase name="openXLXtest()" classname="elenapltnkv.DzTest" time="0.552"/>
  <system-out><![CDATA[]]></system-out>
  <system-err><![CDATA[]]></system-err>
</testsuite>
